<?xml version="1.0" encoding="UTF-8"?>
<testsuite name="no.hvl.dat250.jpa.tutorial.creditcards.driver.CreditCardsMainTest" tests="1" skipped="0" failures="0" errors="0" timestamp="2024-09-21T10:18:20" hostname="DARIO" time="3.249">
  <properties/>
  <testcase name="testDomainModelPersistence()" classname="no.hvl.dat250.jpa.tutorial.creditcards.driver.CreditCardsMainTest" time="3.249"/>
  <system-out><![CDATA[]]></system-out>
  <system-err><![CDATA[sept 21, 2024 12:18:20 P. M. org.hibernate.jpa.internal.util.LogHelper logPersistenceUnitInformation
INFO: HHH000204: Processing PersistenceUnitInfo [name: jpa-tutorial]
sept 21, 2024 12:18:20 P. M. org.hibernate.Version logVersion
INFO: HHH000412: Hibernate ORM core version 6.6.0.Final
sept 21, 2024 12:18:20 P. M. org.hibernate.cache.internal.RegionFactoryInitiator initiateService
INFO: HHH000026: Second-level cache disabled
sept 21, 2024 12:18:20 P. M. org.hibernate.engine.jdbc.connections.internal.DriverManagerConnectionProviderImpl configure
WARN: HHH10001002: Using built-in connection pool (not intended for production use)
sept 21, 2024 12:18:21 P. M. org.hibernate.engine.jdbc.dialect.internal.DialectFactoryImpl constructDialect
WARN: HHH90000025: H2Dialect does not need to be specified explicitly using 'hibernate.dialect' (remove the property setting and it will be selected by default)
sept 21, 2024 12:18:21 P. M. org.hibernate.engine.jdbc.env.internal.JdbcEnvironmentInitiator initiateService
INFO: HHH10001005: Database info:
	Database JDBC URL [jdbc:h2:file:./DB;DB_CLOSE_DELAY=-1]
	Database driver: org.h2.Driver
	Database version: 2.2.220
	Autocommit mode: false
	Isolation level: undefined/unknown
	Minimum pool size: 1
	Maximum pool size: 1
sept 21, 2024 12:18:23 P. M. org.hibernate.engine.transaction.jta.platform.internal.JtaPlatformInitiator initiateService
INFO: HHH000489: No JTA platform available (set 'hibernate.transaction.jta.platform' to enable JTA platform integration)
sept 21, 2024 12:18:23 P. M. org.hibernate.resource.transaction.backend.jdbc.internal.DdlTransactionIsolatorNonJtaImpl getIsolatedConnection
INFO: HHH10001501: Connection obtained from JdbcConnectionAccess [org.hibernate.engine.jdbc.env.internal.JdbcEnvironmentInitiator$ConnectionProviderJdbcConnectionAccess@2cea921a] for (non-JTA) DDL execution was not in auto-commit mode; the Connection 'local transaction' will be committed and the Connection will be set into auto-commit mode.
sept 21, 2024 12:18:23 P. M. org.hibernate.jpa.internal.util.LogHelper logPersistenceUnitInformation
INFO: HHH000204: Processing PersistenceUnitInfo [name: jpa-tutorial]
sept 21, 2024 12:18:23 P. M. org.hibernate.cache.internal.RegionFactoryInitiator initiateService
INFO: HHH000026: Second-level cache disabled
sept 21, 2024 12:18:23 P. M. org.hibernate.engine.jdbc.connections.internal.DriverManagerConnectionProviderImpl configure
WARN: HHH10001002: Using built-in connection pool (not intended for production use)
sept 21, 2024 12:18:23 P. M. org.hibernate.engine.jdbc.dialect.internal.DialectFactoryImpl constructDialect
WARN: HHH90000025: H2Dialect does not need to be specified explicitly using 'hibernate.dialect' (remove the property setting and it will be selected by default)
sept 21, 2024 12:18:23 P. M. org.hibernate.engine.jdbc.env.internal.JdbcEnvironmentInitiator initiateService
INFO: HHH10001005: Database info:
	Database JDBC URL [jdbc:h2:file:./DB;DB_CLOSE_DELAY=-1]
	Database driver: org.h2.Driver
	Database version: 2.2.220
	Autocommit mode: false
	Isolation level: undefined/unknown
	Minimum pool size: 1
	Maximum pool size: 1
sept 21, 2024 12:18:23 P. M. org.hibernate.engine.transaction.jta.platform.internal.JtaPlatformInitiator initiateService
INFO: HHH000489: No JTA platform available (set 'hibernate.transaction.jta.platform' to enable JTA platform integration)
sept 21, 2024 12:18:23 P. M. org.hibernate.resource.transaction.backend.jdbc.internal.DdlTransactionIsolatorNonJtaImpl getIsolatedConnection
INFO: HHH10001501: Connection obtained from JdbcConnectionAccess [org.hibernate.engine.jdbc.env.internal.JdbcEnvironmentInitiator$ConnectionProviderJdbcConnectionAccess@1a5b7394] for (non-JTA) DDL execution was not in auto-commit mode; the Connection 'local transaction' will be committed and the Connection will be set into auto-commit mode.
]]></system-err>
</testsuite>
